2025-05-20 15:27:07,838 - all_search - INFO - Starting architecture search
2025-05-20 15:27:07,840 - all_search - INFO - Loaded configuration:
2025-05-20 15:27:07,840 - all_search - INFO - {'FILTERS_MAP': [1, 8, 16, 32], 'KERNEL_MAP': [3, 5, 7, 9], 'STRIDE_MAP': [1, 2, 3, 4], 'CONV_PADDING': 1, 'POOL_PADDING': 1, 'FC_SIZES': [8, 16, 24, 32, 48, 64, 80, 96, 112, 128, 160, 192, 224, 256, 384, 512], 'MAX_LAYERS': 15, 'MIN_LAYERS': 2, 'CROMOSOME_SIZE': 8, 'ACTIVATION_FUNCTIONS': ['ReLU', 'ELU', 'Sigmoid', 'Tanh']}
2025-05-20 15:27:07,841 - all_search - INFO - Loading CIFAR10 data...
2025-05-20 15:27:08,114 - all_search - INFO - 
=== Random Search ===
2025-05-20 15:30:59,919 - all_search - INFO - Best architecture found (random search on mnist):
2025-05-20 15:30:59,919 - all_search - INFO - [{'type': 'Conv', 'filters': 16, 'kernel': 5, 'stride': 1}, {'type': 'FC', 'size': 80, 'activation': <class 'torch.nn.modules.activation.Tanh'>}]
2025-05-20 15:30:59,919 - all_search - INFO - 
=== Training best model (random search on mnist) ===
2025-05-20 15:31:23,431 - all_search - INFO - train accuracy :  97.1217 
2025-05-20 15:31:23,431 - all_search - INFO - train loss :  0.0337
2025-05-20 15:31:23,431 - all_search - INFO - Test accuracy: 98.4600
2025-05-20 15:31:23,431 - all_search - INFO - Test loss: 0.0448
2025-05-20 15:31:55,541 - all_search - INFO - 
=== Genetic Search ===
2025-05-20 15:44:12,695 - all_search - INFO - Best architecture found (genetic search on mnist):
2025-05-20 15:44:12,695 - all_search - INFO - [{'type': 'Conv', 'filters': 8, 'kernel': 7, 'stride': 1}, {'type': 'Conv', 'filters': 8, 'kernel': 7, 'stride': 1}, {'type': 'FC', 'size': 160, 'activation': <class 'torch.nn.modules.activation.Tanh'>}]
2025-05-20 15:44:12,695 - all_search - INFO - 
=== Training best model (genetic search on mnist) ===
2025-05-20 15:44:51,848 - all_search - INFO - train accuracy :  97.5744 
2025-05-20 15:44:51,849 - all_search - INFO - train loss :  0.0334
2025-05-20 15:44:51,849 - all_search - INFO - Test accuracy: 98.6900
2025-05-20 15:44:51,849 - all_search - INFO - Test loss: 0.0419
2025-05-20 15:45:10,576 - all_search - INFO - 
=== Firefly Search ===
2025-05-20 16:23:21,069 - all_search - INFO - Best architecture found (firefly search on mnist):
2025-05-20 16:23:21,069 - all_search - INFO - [{'type': 'Conv', 'filters': 16, 'kernel': 5, 'stride': 2}, {'type': 'FC', 'size': 512, 'activation': <class 'torch.nn.modules.activation.Tanh'>}, {'type': 'FC', 'size': 512, 'activation': <class 'torch.nn.modules.activation.Tanh'>}, {'type': 'FC', 'size': 32, 'activation': <class 'torch.nn.modules.activation.ELU'>}, {'type': 'FC', 'size': 256, 'activation': <class 'torch.nn.modules.activation.Tanh'>}]
2025-05-20 16:23:21,069 - all_search - INFO - 
=== Training best model (firefly search on mnist) ===
2025-05-20 16:23:59,903 - all_search - INFO - train accuracy :  96.3322 
2025-05-20 16:23:59,904 - all_search - INFO - train loss :  0.0550
2025-05-20 16:23:59,904 - all_search - INFO - Test accuracy: 98.2300
2025-05-20 16:23:59,904 - all_search - INFO - Test loss: 0.0581
